#
# A fatal error has been detected by the Java Runtime Environment:
#
#  EXCEPTION_ACCESS_VIOLATION (0xc0000005) at pc=0x00000000649814a6, pid=5764, tid=5568
#
# JRE version: OpenJDK Runtime Environment (15.0.1+9) (build 15.0.1+9-18)
# Java VM: OpenJDK 64-Bit Server VM (15.0.1+9-18, mixed mode, tiered, compressed oops, g1 gc, windows-amd64)
# Problematic frame:
# C  [JavaController.dll+0x14a6]
#
# No core dump will be written. Minidumps are not enabled by default on client versions of Windows
#
# If you would like to submit a bug report, please visit:
#   https://bugreport.java.com/bugreport/crash.jsp
# The crash happened outside the Java Virtual Machine in native code.
# See problematic frame for where to report the bug.
#

---------------  S U M M A R Y ------------

Command Line: -Djava.library.path=D:/SoftwarePackages/Webots/lib/controller/java T03Controller

Host: Intel(R) Core(TM) i5-6600K CPU @ 3.50GHz, 4 cores, 15G,  Windows 10 , 64 bit Build 19041 (10.0.19041.804)
Time: Sat Apr 10 14:54:37 2021 Eastern Daylight Time elapsed time: 81.087570 seconds (0d 0h 1m 21s)

---------------  T H R E A D  ---------------

Current thread (0x0000020828c73da0):  JavaThread "main" [_thread_in_native, id=5568, stack(0x0000005d7db00000,0x0000005d7dc00000)]

Stack: [0x0000005d7db00000,0x0000005d7dc00000],  sp=0x0000005d7dbff200,  free space=1020k
Native frames: (J=compiled Java code, j=interpreted, Vv=VM code, C=native code)
C  [JavaController.dll+0x14a6]

Java frames: (J=compiled Java code, j=interpreted, Vv=VM code)
J 391  com.cyberbotics.webots.controller.wrapperJNI.Camera_getImage(JLcom/cyberbotics/webots/controller/Camera;)[I (0 bytes) @ 0x0000020835958c9d [0x0000020835958c40+0x000000000000005d]
J 402 c2 simlejos.hardware.sensor.BaseSensor.fetchSample([FI)V (17 bytes) @ 0x000002083595a19c [0x0000020835959e40+0x000000000000035c]
J 404 c2 ca.mcgill.ecse211.project.LightLocalizer.blackLineTrigger(Lsimlejos/robotics/SampleProvider;[F)Z (44 bytes) @ 0x000002083595c16c [0x000002083595c120+0x000000000000004c]
j  ca.mcgill.ecse211.project.LightLocalizer.alignWithLine()V+94
j  ca.mcgill.ecse211.project.LightLocalizer.stepTwo_waypoint()V+9
j  ca.mcgill.ecse211.project.LightLocalizer.localize_waypoint()V+3
j  ca.mcgill.ecse211.project.Navigation.doLap(Ljava/util/List;)V+13
j  ca.mcgill.ecse211.project.Main.main([Ljava/lang/String;)V+69
j  T03Controller.main([Ljava/lang/String;)V+1
v  ~StubRoutines::call_stub

siginfo: EXCEPTION_ACCESS_VIOLATION (0xc0000005), reading address 0x0000000000000000


Register to memory mapping:

RIP=0x00000000649814a6 JavaController.dll
RAX=0x0 is NULL
RBX=0x0 is NULL
RCX=0x0000000000000001 is an unknown value
RDX=0xfffffdfec6394de4 is an unknown value
RSP=0x0000005d7dbff200 is pointing into the stack for thread: 0x0000020828c73da0
RBP=0x0000000000000001 is an unknown value
RSI=0x0000020828c740c8 points into unknown readable memory: 0x00007ffc3948de40 | 40 de 48 39 fc 7f 00 00
RDI=0x00000208491151a0 points into unknown readable memory: 0x000000071096f8e0 | e0 f8 96 10 07 00 00 00
R8 =0x000002084a5dab10 points into unknown readable memory: 0x0000020800000000 | 00 00 00 00 08 02 00 00
R9 =0x000000071096f8f0 is an oop: [I 
{0x000000071096f8f0} - klass: {type array int}
 - length: 1
R10=0x0 is NULL
R11=0xffbf3bbf07ef83f7 is an unknown value
R12=0x0 is NULL
R13=0x0000005d7dbff3d0 is pointing into the stack for thread: 0x0000020828c73da0
R14=0x0000005d7dbff2f0 is pointing into the stack for thread: 0x0000020828c73da0
R15=0x0000020828c73da0 is a thread


Registers:
RAX=0x0000000000000000, RBX=0x0000000000000000, RCX=0x0000000000000001, RDX=0xfffffdfec6394de4
RSP=0x0000005d7dbff200, RBP=0x0000000000000001, RSI=0x0000020828c740c8, RDI=0x00000208491151a0
R8 =0x000002084a5dab10, R9 =0x000000071096f8f0, R10=0x0000000000000000, R11=0xffbf3bbf07ef83f7
R12=0x0000000000000000, R13=0x0000005d7dbff3d0, R14=0x0000005d7dbff2f0, R15=0x0000020828c73da0
RIP=0x00000000649814a6, EFLAGS=0x0000000000010202

Top of Stack: (sp=0x0000005d7dbff200)
0x0000005d7dbff200:   0000000000000001 00000208491151a0
0x0000005d7dbff210:   0000000000000000 0000005d7dbff2f0
0x0000005d7dbff220:   0000020849fc65b0 0000020849fc65b0
0x0000005d7dbff230:   0000020828c740c8 0000000000000000
0x0000005d7dbff240:   0000000000000001 00000000649820a8
0x0000005d7dbff250:   0000020849fc65b0 000000071096f3f0
0x0000005d7dbff260:   0000000710002000 0000020835959623
0x0000005d7dbff270:   00000007100b7118 00000000e2000400
0x0000005d7dbff280:   00000007100b62d0 0000000710083498
0x0000005d7dbff290:   0000005d7dbff300 0000020835958d3d
0x0000005d7dbff2a0:   00000007100b7118 4070d02949a56580
0x0000005d7dbff2b0:   00068280e212df16 0000000000000000
0x0000005d7dbff2c0:   0000000710002188 00000007100b62e0
0x0000005d7dbff2d0:   000002083a479000 000002082de6a17e
0x0000005d7dbff2e0:   00000007100b7080 00000208359670e8
0x0000005d7dbff2f0:   0000000710087d58 000002082de6a1c3 

Instructions: (pc=0x00000000649814a6)
0x00000000649813a6:   20 48 89 ce 4c 89 c7 48 8d 1d 4c ff 00 00 83 fa
0x00000000649813b6:   01 74 0e 48 83 c3 10 8b 03 85 c0 74 04 39 d0 75
0x00000000649813c6:   f2 48 8b 06 48 89 f1 ff 90 88 00 00 00 48 8b 53
0x00000000649813d6:   08 48 8b 06 48 89 f1 ff 50 30 48 89 c2 48 85 c0
0x00000000649813e6:   74 0d 48 8b 06 49 89 f8 48 89 f1 ff 50 70 90 48
0x00000000649813f6:   83 c4 20 5b 5e 5f c3 55 57 56 53 48 83 ec 28 48
0x0000000064981406:   89 cf 48 89 d3 4c 89 c6 4c 89 cd 48 8b 01 4c 89
0x0000000064981416:   ca ff 90 58 05 00 00 85 c0 7e 16 89 c1 b8 00 00
0x0000000064981426:   00 00 8b 14 86 89 14 83 48 83 c0 01 48 39 c8 75
0x0000000064981436:   f1 48 8b 07 41 b9 00 00 00 00 49 89 d8 48 89 ea
0x0000000064981446:   48 89 f9 ff 90 18 06 00 00 90 48 83 c4 28 5b 5e
0x0000000064981456:   5f 5d c3 55 57 56 53 48 83 ec 28 48 89 ce 48 89
0x0000000064981466:   d3 44 89 c5 48 8b 01 44 89 c2 ff 90 98 05 00 00
0x0000000064981476:   48 89 c7 48 85 c0 74 4d 48 8b 06 41 b8 00 00 00
0x0000000064981486:   00 48 89 fa 48 89 f1 ff 90 d8 05 00 00 49 89 c0
0x0000000064981496:   48 85 c0 74 3c 85 ed 7e 17 89 e9 b8 00 00 00 00
0x00000000649814a6:   8b 14 83 41 89 14 80 48 83 c0 01 48 39 c8 75 f0
0x00000000649814b6:   48 8b 06 41 b9 00 00 00 00 48 89 fa 48 89 f1 ff
0x00000000649814c6:   90 18 06 00 00 48 89 f8 48 83 c4 28 5b 5e 5f 5d
0x00000000649814d6:   c3 48 89 c7 eb ef 55 57 56 53 48 83 ec 28 48 89
0x00000000649814e6:   cf 48 89 d6 44 89 c3 48 8b 01 44 89 c2 ff 90 a8
0x00000000649814f6:   05 00 00 48 89 c5 48 85 c0 74 51 48 8b 07 41 b8
0x0000000064981506:   00 00 00 00 48 89 ea 48 89 f9 ff 90 e8 05 00 00
0x0000000064981516:   49 89 c0 48 85 c0 74 40 85 db 7e 1b 89 da b8 00
0x0000000064981526:   00 00 00 f3 0f 10 04 86 f3 41 0f 11 04 80 48 83
0x0000000064981536:   c0 01 48 39 d0 75 ec 48 8b 07 41 b9 00 00 00 00
0x0000000064981546:   48 89 ea 48 89 f9 ff 90 28 06 00 00 48 89 e8 48
0x0000000064981556:   83 c4 28 5b 5e 5f 5d c3 48 89 c5 eb ef 55 57 56
0x0000000064981566:   53 48 83 ec 28 48 89 cf 48 89 d3 4c 89 c6 4c 89
0x0000000064981576:   cd 48 8b 01 4c 89 ca ff 90 58 05 00 00 85 c0 7e
0x0000000064981586:   1a 89 c2 b8 00 00 00 00 f2 0f 10 04 c6 f2 0f 11
0x0000000064981596:   04 c3 48 83 c0 01 48 39 d0 75 ed 48 8b 07 41 b9 


Stack slot to memory mapping:
stack at sp + 0 slots: 0x0000000000000001 is an unknown value
stack at sp + 1 slots: 0x00000208491151a0 points into unknown readable memory: 0x000000071096f8e0 | e0 f8 96 10 07 00 00 00
stack at sp + 2 slots: 0x0 is NULL
stack at sp + 3 slots: 0x0000005d7dbff2f0 is pointing into the stack for thread: 0x0000020828c73da0
stack at sp + 4 slots: 0x0000020849fc65b0 points into unknown readable memory: 0x00000000704d8c40 | 40 8c 4d 70 00 00 00 00
stack at sp + 5 slots: 0x0000020849fc65b0 points into unknown readable memory: 0x00000000704d8c40 | 40 8c 4d 70 00 00 00 00
stack at sp + 6 slots: 0x0000020828c740c8 points into unknown readable memory: 0x00007ffc3948de40 | 40 de 48 39 fc 7f 00 00
stack at sp + 7 slots: 0x0 is NULL


---------------  P R O C E S S  ---------------

Threads class SMR info:
_java_thread_list=0x0000020849daeda0, length=13, elements={
0x0000020828c73da0, 0x0000020849b4a020, 0x0000020849b4aad0, 0x0000020849b69e90,
0x0000020849b6cd50, 0x0000020849b6e810, 0x0000020849b74bb0, 0x0000020849b7d760,
0x0000020849b82170, 0x0000020849d02650, 0x0000020849d0e400, 0x0000020828b513e0,
0x000002084a178350
}

Java Threads: ( => current thread )
=>0x0000020828c73da0 JavaThread "main" [_thread_in_native, id=5568, stack(0x0000005d7db00000,0x0000005d7dc00000)]
  0x0000020849b4a020 JavaThread "Reference Handler" daemon [_thread_blocked, id=13372, stack(0x0000005d7e200000,0x0000005d7e300000)]
  0x0000020849b4aad0 JavaThread "Finalizer" daemon [_thread_blocked, id=8268, stack(0x0000005d7e300000,0x0000005d7e400000)]
  0x0000020849b69e90 JavaThread "Signal Dispatcher" daemon [_thread_blocked, id=10368, stack(0x0000005d7e400000,0x0000005d7e500000)]
  0x0000020849b6cd50 JavaThread "Attach Listener" daemon [_thread_blocked, id=10756, stack(0x0000005d7e500000,0x0000005d7e600000)]
  0x0000020849b6e810 JavaThread "Service Thread" daemon [_thread_blocked, id=7632, stack(0x0000005d7e600000,0x0000005d7e700000)]
  0x0000020849b74bb0 JavaThread "C2 CompilerThread0" daemon [_thread_blocked, id=2108, stack(0x0000005d7e700000,0x0000005d7e800000)]
  0x0000020849b7d760 JavaThread "C1 CompilerThread0" daemon [_thread_blocked, id=9688, stack(0x0000005d7e800000,0x0000005d7e900000)]
  0x0000020849b82170 JavaThread "Sweeper thread" daemon [_thread_blocked, id=18008, stack(0x0000005d7e900000,0x0000005d7ea00000)]
  0x0000020849d02650 JavaThread "Notification Thread" daemon [_thread_blocked, id=4712, stack(0x0000005d7ea00000,0x0000005d7eb00000)]
  0x0000020849d0e400 JavaThread "Common-Cleaner" daemon [_thread_blocked, id=8052, stack(0x0000005d7ec00000,0x0000005d7ed00000)]
  0x0000020828b513e0 JavaThread "Thread-0" [_thread_in_native, id=13704, stack(0x0000005d7ed00000,0x0000005d7ee00000)]
  0x000002084a178350 JavaThread "Thread-1" [_thread_in_native, id=8308, stack(0x0000005d7ee00000,0x0000005d7ef00000)]

Other Threads:
  0x0000020849adb060 VMThread "VM Thread" [stack: 0x0000005d7e100000,0x0000005d7e200000] [id=6152]
  0x0000020849cf5f30 WatcherThread [stack: 0x0000005d7eb00000,0x0000005d7ec00000] [id=18472]
  0x0000020828cc3ea0 GCTaskThread "GC Thread#0" [stack: 0x0000005d7dc00000,0x0000005d7dd00000] [id=17084]
  0x0000020849db1d20 GCTaskThread "GC Thread#1" [stack: 0x0000005d7ef00000,0x0000005d7f000000] [id=18972]
  0x0000020849db2050 GCTaskThread "GC Thread#2" [stack: 0x0000005d7f000000,0x0000005d7f100000] [id=12516]
  0x0000020849db2d10 GCTaskThread "GC Thread#3" [stack: 0x0000005d7f100000,0x0000005d7f200000] [id=11772]
  0x0000020828cd5820 ConcurrentGCThread "G1 Main Marker" [stack: 0x0000005d7dd00000,0x0000005d7de00000] [id=1864]
  0x0000020828cd6490 ConcurrentGCThread "G1 Conc#0" [stack: 0x0000005d7de00000,0x0000005d7df00000] [id=13392]
  0x0000020828d4d5e0 ConcurrentGCThread "G1 Refine#0" [stack: 0x0000005d7df00000,0x0000005d7e000000] [id=15872]
  0x0000020849137500 ConcurrentGCThread "G1 Young RemSet Sampling" [stack: 0x0000005d7e000000,0x0000005d7e100000] [id=6352]

Threads with active compile tasks:

VM state: not at safepoint (normal execution)

VM Mutex/Monitor currently owned by a thread: None

Heap address: 0x0000000700e00000, size: 4082 MB, Compressed Oops mode: Zero based, Oop shift amount: 3
CDS disabled.
Compressed class space mapped at: 0x0000000800000000-0x0000000840000000, size: 1073741824
Narrow klass base: 0x0000000800000000, Narrow klass shift: 0, Narrow klass range: 0x40000000

GC Precious Log:
 CPUs: 4 total, 4 available
 Memory: 16325M
 Large Page Support: Disabled
 NUMA Support: Disabled
 Compressed Oops: Enabled (Zero based)
 Heap Region Size: 2M
 Heap Min Capacity: 8M
 Heap Initial Capacity: 256M
 Heap Max Capacity: 4082M
 Pre-touch: Disabled
 Parallel Workers: 4
 Concurrent Workers: 1
 Concurrent Refinement Workers: 4
 Periodic GC: Disabled

Heap:
 garbage-first heap   total 262144K, used 5272K [0x0000000700e00000, 0x0000000800000000)
  region size 2048K, 4 young (8192K), 1 survivors (2048K)
 Metaspace       used 8406K, capacity 8551K, committed 8832K, reserved 1056768K
  class space    used 703K, capacity 779K, committed 896K, reserved 1048576K

Heap Regions: E=young(eden), S=young(survivor), O=old, HS=humongous(starts), HC=humongous(continues), CS=collection set, F=free, OA=open archive, CA=closed archive, TAMS=top-at-mark-start (previous, next)
|   0|0x0000000700e00000, 0x0000000700e00000, 0x0000000701000000|  0%| F|  |TAMS 0x0000000700e00000, 0x0000000700e00000| Untracked 
|   1|0x0000000701000000, 0x0000000701000000, 0x0000000701200000|  0%| F|  |TAMS 0x0000000701000000, 0x0000000701000000| Untracked 
|   2|0x0000000701200000, 0x0000000701200000, 0x0000000701400000|  0%| F|  |TAMS 0x0000000701200000, 0x0000000701200000| Untracked 
|   3|0x0000000701400000, 0x0000000701400000, 0x0000000701600000|  0%| F|  |TAMS 0x0000000701400000, 0x0000000701400000| Untracked 
|   4|0x0000000701600000, 0x0000000701600000, 0x0000000701800000|  0%| F|  |TAMS 0x0000000701600000, 0x0000000701600000| Untracked 
|   5|0x0000000701800000, 0x0000000701800000, 0x0000000701a00000|  0%| F|  |TAMS 0x0000000701800000, 0x0000000701800000| Untracked 
|   6|0x0000000701a00000, 0x0000000701a00000, 0x0000000701c00000|  0%| F|  |TAMS 0x0000000701a00000, 0x0000000701a00000| Untracked 
|   7|0x0000000701c00000, 0x0000000701c00000, 0x0000000701e00000|  0%| F|  |TAMS 0x0000000701c00000, 0x0000000701c00000| Untracked 
|   8|0x0000000701e00000, 0x0000000701e00000, 0x0000000702000000|  0%| F|  |TAMS 0x0000000701e00000, 0x0000000701e00000| Untracked 
|   9|0x0000000702000000, 0x0000000702000000, 0x0000000702200000|  0%| F|  |TAMS 0x0000000702000000, 0x0000000702000000| Untracked 
|  10|0x0000000702200000, 0x0000000702200000, 0x0000000702400000|  0%| F|  |TAMS 0x0000000702200000, 0x0000000702200000| Untracked 
|  11|0x0000000702400000, 0x0000000702400000, 0x0000000702600000|  0%| F|  |TAMS 0x0000000702400000, 0x0000000702400000| Untracked 
|  12|0x0000000702600000, 0x0000000702600000, 0x0000000702800000|  0%| F|  |TAMS 0x0000000702600000, 0x0000000702600000| Untracked 
|  13|0x0000000702800000, 0x0000000702800000, 0x0000000702a00000|  0%| F|  |TAMS 0x0000000702800000, 0x0000000702800000| Untracked 
|  14|0x0000000702a00000, 0x0000000702a00000, 0x0000000702c00000|  0%| F|  |TAMS 0x0000000702a00000, 0x0000000702a00000| Untracked 
|  15|0x0000000702c00000, 0x0000000702c00000, 0x0000000702e00000|  0%| F|  |TAMS 0x0000000702c00000, 0x0000000702c00000| Untracked 
|  16|0x0000000702e00000, 0x0000000702e00000, 0x0000000703000000|  0%| F|  |TAMS 0x0000000702e00000, 0x0000000702e00000| Untracked 
|  17|0x0000000703000000, 0x0000000703000000, 0x0000000703200000|  0%| F|  |TAMS 0x0000000703000000, 0x0000000703000000| Untracked 
|  18|0x0000000703200000, 0x0000000703200000, 0x0000000703400000|  0%| F|  |TAMS 0x0000000703200000, 0x0000000703200000| Untracked 
|  19|0x0000000703400000, 0x0000000703400000, 0x0000000703600000|  0%| F|  |TAMS 0x0000000703400000, 0x0000000703400000| Untracked 
|  20|0x0000000703600000, 0x0000000703600000, 0x0000000703800000|  0%| F|  |TAMS 0x0000000703600000, 0x0000000703600000| Untracked 
|  21|0x0000000703800000, 0x0000000703800000, 0x0000000703a00000|  0%| F|  |TAMS 0x0000000703800000, 0x0000000703800000| Untracked 
|  22|0x0000000703a00000, 0x0000000703a00000, 0x0000000703c00000|  0%| F|  |TAMS 0x0000000703a00000, 0x0000000703a00000| Untracked 
|  23|0x0000000703c00000, 0x0000000703c00000, 0x0000000703e00000|  0%| F|  |TAMS 0x0000000703c00000, 0x0000000703c00000| Untracked 
|  24|0x0000000703e00000, 0x0000000703e00000, 0x0000000704000000|  0%| F|  |TAMS 0x0000000703e00000, 0x0000000703e00000| Untracked 
|  25|0x0000000704000000, 0x0000000704000000, 0x0000000704200000|  0%| F|  |TAMS 0x0000000704000000, 0x0000000704000000| Untracked 
|  26|0x0000000704200000, 0x0000000704200000, 0x0000000704400000|  0%| F|  |TAMS 0x0000000704200000, 0x0000000704200000| Untracked 
|  27|0x0000000704400000, 0x0000000704400000, 0x0000000704600000|  0%| F|  |TAMS 0x0000000704400000, 0x0000000704400000| Untracked 
|  28|0x0000000704600000, 0x0000000704600000, 0x0000000704800000|  0%| F|  |TAMS 0x0000000704600000, 0x0000000704600000| Untracked 
|  29|0x0000000704800000, 0x0000000704800000, 0x0000000704a00000|  0%| F|  |TAMS 0x0000000704800000, 0x0000000704800000| Untracked 
|  30|0x0000000704a00000, 0x0000000704a00000, 0x0000000704c00000|  0%| F|  |TAMS 0x0000000704a00000, 0x0000000704a00000| Untracked 
|  31|0x0000000704c00000, 0x0000000704c00000, 0x0000000704e00000|  0%| F|  |TAMS 0x0000000704c00000, 0x0000000704c00000| Untracked 
|  32|0x0000000704e00000, 0x0000000704e00000, 0x0000000705000000|  0%| F|  |TAMS 0x0000000704e00000, 0x0000000704e00000| Untracked 
|  33|0x0000000705000000, 0x0000000705000000, 0x0000000705200000|  0%| F|  |TAMS 0x0000000705000000, 0x0000000705000000| Untracked 
|  34|0x0000000705200000, 0x0000000705200000, 0x0000000705400000|  0%| F|  |TAMS 0x0000000705200000, 0x0000000705200000| Untracked 
|  35|0x0000000705400000, 0x0000000705400000, 0x0000000705600000|  0%| F|  |TAMS 0x0000000705400000, 0x0000000705400000| Untracked 
|  36|0x0000000705600000, 0x0000000705600000, 0x0000000705800000|  0%| F|  |TAMS 0x0000000705600000, 0x0000000705600000| Untracked 
|  37|0x0000000705800000, 0x0000000705800000, 0x0000000705a00000|  0%| F|  |TAMS 0x0000000705800000, 0x0000000705800000| Untracked 
|  38|0x0000000705a00000, 0x0000000705a00000, 0x0000000705c00000|  0%| F|  |TAMS 0x0000000705a00000, 0x0000000705a00000| Untracked 
|  39|0x0000000705c00000, 0x0000000705c00000, 0x0000000705e00000|  0%| F|  |TAMS 0x0000000705c00000, 0x0000000705c00000| Untracked 
|  40|0x0000000705e00000, 0x0000000705e00000, 0x0000000706000000|  0%| F|  |TAMS 0x0000000705e00000, 0x0000000705e00000| Untracked 
|  41|0x0000000706000000, 0x0000000706000000, 0x0000000706200000|  0%| F|  |TAMS 0x0000000706000000, 0x0000000706000000| Untracked 
|  42|0x0000000706200000, 0x0000000706200000, 0x0000000706400000|  0%| F|  |TAMS 0x0000000706200000, 0x0000000706200000| Untracked 
|  43|0x0000000706400000, 0x0000000706400000, 0x0000000706600000|  0%| F|  |TAMS 0x0000000706400000, 0x0000000706400000| Untracked 
|  44|0x0000000706600000, 0x0000000706600000, 0x0000000706800000|  0%| F|  |TAMS 0x0000000706600000, 0x0000000706600000| Untracked 
|  45|0x0000000706800000, 0x0000000706800000, 0x0000000706a00000|  0%| F|  |TAMS 0x0000000706800000, 0x0000000706800000| Untracked 
|  46|0x0000000706a00000, 0x0000000706a00000, 0x0000000706c00000|  0%| F|  |TAMS 0x0000000706a00000, 0x0000000706a00000| Untracked 
|  47|0x0000000706c00000, 0x0000000706c00000, 0x0000000706e00000|  0%| F|  |TAMS 0x0000000706c00000, 0x0000000706c00000| Untracked 
|  48|0x0000000706e00000, 0x0000000706e00000, 0x0000000707000000|  0%| F|  |TAMS 0x0000000706e00000, 0x0000000706e00000| Untracked 
|  49|0x0000000707000000, 0x0000000707000000, 0x0000000707200000|  0%| F|  |TAMS 0x0000000707000000, 0x0000000707000000| Untracked 
|  50|0x0000000707200000, 0x0000000707200000, 0x0000000707400000|  0%| F|  |TAMS 0x0000000707200000, 0x0000000707200000| Untracked 
|  51|0x0000000707400000, 0x0000000707400000, 0x0000000707600000|  0%| F|  |TAMS 0x0000000707400000, 0x0000000707400000| Untracked 
|  52|0x0000000707600000, 0x0000000707600000, 0x0000000707800000|  0%| F|  |TAMS 0x0000000707600000, 0x0000000707600000| Untracked 
|  53|0x0000000707800000, 0x0000000707800000, 0x0000000707a00000|  0%| F|  |TAMS 0x0000000707800000, 0x0000000707800000| Untracked 
|  54|0x0000000707a00000, 0x0000000707a00000, 0x0000000707c00000|  0%| F|  |TAMS 0x0000000707a00000, 0x0000000707a00000| Untracked 
|  55|0x0000000707c00000, 0x0000000707c00000, 0x0000000707e00000|  0%| F|  |TAMS 0x0000000707c00000, 0x0000000707c00000| Untracked 
|  56|0x0000000707e00000, 0x0000000707e00000, 0x0000000708000000|  0%| F|  |TAMS 0x0000000707e00000, 0x0000000707e00000| Untracked 
|  57|0x0000000708000000, 0x0000000708000000, 0x0000000708200000|  0%| F|  |TAMS 0x0000000708000000, 0x0000000708000000| Untracked 
|  58|0x0000000708200000, 0x0000000708200000, 0x0000000708400000|  0%| F|  |TAMS 0x0000000708200000, 0x0000000708200000| Untracked 
|  59|0x0000000708400000, 0x0000000708400000, 0x0000000708600000|  0%| F|  |TAMS 0x0000000708400000, 0x0000000708400000| Untracked 
|  60|0x0000000708600000, 0x0000000708600000, 0x0000000708800000|  0%| F|  |TAMS 0x0000000708600000, 0x0000000708600000| Untracked 
|  61|0x0000000708800000, 0x0000000708800000, 0x0000000708a00000|  0%| F|  |TAMS 0x0000000708800000, 0x0000000708800000| Untracked 
|  62|0x0000000708a00000, 0x0000000708a00000, 0x0000000708c00000|  0%| F|  |TAMS 0x0000000708a00000, 0x0000000708a00000| Untracked 
|  63|0x0000000708c00000, 0x0000000708c00000, 0x0000000708e00000|  0%| F|  |TAMS 0x0000000708c00000, 0x0000000708c00000| Untracked 
|  64|0x0000000708e00000, 0x0000000708e00000, 0x0000000709000000|  0%| F|  |TAMS 0x0000000708e00000, 0x0000000708e00000| Untracked 
|  65|0x0000000709000000, 0x0000000709000000, 0x0000000709200000|  0%| F|  |TAMS 0x0000000709000000, 0x0000000709000000| Untracked 
|  66|0x0000000709200000, 0x0000000709200000, 0x0000000709400000|  0%| F|  |TAMS 0x0000000709200000, 0x0000000709200000| Untracked 
|  67|0x0000000709400000, 0x0000000709400000, 0x0000000709600000|  0%| F|  |TAMS 0x0000000709400000, 0x0000000709400000| Untracked 
|  68|0x0000000709600000, 0x0000000709600000, 0x0000000709800000|  0%| F|  |TAMS 0x0000000709600000, 0x0000000709600000| Untracked 
|  69|0x0000000709800000, 0x0000000709800000, 0x0000000709a00000|  0%| F|  |TAMS 0x0000000709800000, 0x0000000709800000| Untracked 
|  70|0x0000000709a00000, 0x0000000709a00000, 0x0000000709c00000|  0%| F|  |TAMS 0x0000000709a00000, 0x0000000709a00000| Untracked 
|  71|0x0000000709c00000, 0x0000000709c00000, 0x0000000709e00000|  0%| F|  |TAMS 0x0000000709c00000, 0x0000000709c00000| Untracked 
|  72|0x0000000709e00000, 0x0000000709e00000, 0x000000070a000000|  0%| F|  |TAMS 0x0000000709e00000, 0x0000000709e00000| Untracked 
|  73|0x000000070a000000, 0x000000070a000000, 0x000000070a200000|  0%| F|  |TAMS 0x000000070a000000, 0x000000070a000000| Untracked 
|  74|0x000000070a200000, 0x000000070a200000, 0x000000070a400000|  0%| F|  |TAMS 0x000000070a200000, 0x000000070a200000| Untracked 
|  75|0x000000070a400000, 0x000000070a400000, 0x000000070a600000|  0%| F|  |TAMS 0x000000070a400000, 0x000000070a400000| Untracked 
|  76|0x000000070a600000, 0x000000070a600000, 0x000000070a800000|  0%| F|  |TAMS 0x000000070a600000, 0x000000070a600000| Untracked 
|  77|0x000000070a800000, 0x000000070a800000, 0x000000070aa00000|  0%| F|  |TAMS 0x000000070a800000, 0x000000070a800000| Untracked 
|  78|0x000000070aa00000, 0x000000070aa00000, 0x000000070ac00000|  0%| F|  |TAMS 0x000000070aa00000, 0x000000070aa00000| Untracked 
|  79|0x000000070ac00000, 0x000000070ac00000, 0x000000070ae00000|  0%| F|  |TAMS 0x000000070ac00000, 0x000000070ac00000| Untracked 
|  80|0x000000070ae00000, 0x000000070ae00000, 0x000000070b000000|  0%| F|  |TAMS 0x000000070ae00000, 0x000000070ae00000| Untracked 
|  81|0x000000070b000000, 0x000000070b000000, 0x000000070b200000|  0%| F|  |TAMS 0x000000070b000000, 0x000000070b000000| Untracked 
|  82|0x000000070b200000, 0x000000070b200000, 0x000000070b400000|  0%| F|  |TAMS 0x000000070b200000, 0x000000070b200000| Untracked 
|  83|0x000000070b400000, 0x000000070b400000, 0x000000070b600000|  0%| F|  |TAMS 0x000000070b400000, 0x000000070b400000| Untracked 
|  84|0x000000070b600000, 0x000000070b600000, 0x000000070b800000|  0%| F|  |TAMS 0x000000070b600000, 0x000000070b600000| Untracked 
|  85|0x000000070b800000, 0x000000070b800000, 0x000000070ba00000|  0%| F|  |TAMS 0x000000070b800000, 0x000000070b800000| Untracked 
|  86|0x000000070ba00000, 0x000000070ba00000, 0x000000070bc00000|  0%| F|  |TAMS 0x000000070ba00000, 0x000000070ba00000| Untracked 
|  87|0x000000070bc00000, 0x000000070bc00000, 0x000000070be00000|  0%| F|  |TAMS 0x000000070bc00000, 0x000000070bc00000| Untracked 
|  88|0x000000070be00000, 0x000000070be00000, 0x000000070c000000|  0%| F|  |TAMS 0x000000070be00000, 0x000000070be00000| Untracked 
|  89|0x000000070c000000, 0x000000070c000000, 0x000000070c200000|  0%| F|  |TAMS 0x000000070c000000, 0x000000070c000000| Untracked 
|  90|0x000000070c200000, 0x000000070c200000, 0x000000070c400000|  0%| F|  |TAMS 0x000000070c200000, 0x000000070c200000| Untracked 
|  91|0x000000070c400000, 0x000000070c400000, 0x000000070c600000|  0%| F|  |TAMS 0x000000070c400000, 0x000000070c400000| Untracked 
|  92|0x000000070c600000, 0x000000070c600000, 0x000000070c800000|  0%| F|  |TAMS 0x000000070c600000, 0x000000070c600000| Untracked 
|  93|0x000000070c800000, 0x000000070c800000, 0x000000070ca00000|  0%| F|  |TAMS 0x000000070c800000, 0x000000070c800000| Untracked 
|  94|0x000000070ca00000, 0x000000070ca00000, 0x000000070cc00000|  0%| F|  |TAMS 0x000000070ca00000, 0x000000070ca00000| Untracked 
|  95|0x000000070cc00000, 0x000000070cc00000, 0x000000070ce00000|  0%| F|  |TAMS 0x000000070cc00000, 0x000000070cc00000| Untracked 
|  96|0x000000070ce00000, 0x000000070ce00000, 0x000000070d000000|  0%| F|  |TAMS 0x000000070ce00000, 0x000000070ce00000| Untracked 
|  97|0x000000070d000000, 0x000000070d000000, 0x000000070d200000|  0%| F|  |TAMS 0x000000070d000000, 0x000000070d000000| Untracked 
|  98|0x000000070d200000, 0x000000070d200000, 0x000000070d400000|  0%| F|  |TAMS 0x000000070d200000, 0x000000070d200000| Untracked 
|  99|0x000000070d400000, 0x000000070d400000, 0x000000070d600000|  0%| F|  |TAMS 0x000000070d400000, 0x000000070d400000| Untracked 
| 100|0x000000070d600000, 0x000000070d600000, 0x000000070d800000|  0%| F|  |TAMS 0x000000070d600000, 0x000000070d600000| Untracked 
| 101|0x000000070d800000, 0x000000070d800000, 0x000000070da00000|  0%| F|  |TAMS 0x000000070d800000, 0x000000070d800000| Untracked 
| 102|0x000000070da00000, 0x000000070da00000, 0x000000070dc00000|  0%| F|  |TAMS 0x000000070da00000, 0x000000070da00000| Untracked 
| 103|0x000000070dc00000, 0x000000070dc00000, 0x000000070de00000|  0%| F|  |TAMS 0x000000070dc00000, 0x000000070dc00000| Untracked 
| 104|0x000000070de00000, 0x000000070de00000, 0x000000070e000000|  0%| F|  |TAMS 0x000000070de00000, 0x000000070de00000| Untracked 
| 105|0x000000070e000000, 0x000000070e000000, 0x000000070e200000|  0%| F|  |TAMS 0x000000070e000000, 0x000000070e000000| Untracked 
| 106|0x000000070e200000, 0x000000070e200000, 0x000000070e400000|  0%| F|  |TAMS 0x000000070e200000, 0x000000070e200000| Untracked 
| 107|0x000000070e400000, 0x000000070e400000, 0x000000070e600000|  0%| F|  |TAMS 0x000000070e400000, 0x000000070e400000| Untracked 
| 108|0x000000070e600000, 0x000000070e600000, 0x000000070e800000|  0%| F|  |TAMS 0x000000070e600000, 0x000000070e600000| Untracked 
| 109|0x000000070e800000, 0x000000070e800000, 0x000000070ea00000|  0%| F|  |TAMS 0x000000070e800000, 0x000000070e800000| Untracked 
| 110|0x000000070ea00000, 0x000000070ea00000, 0x000000070ec00000|  0%| F|  |TAMS 0x000000070ea00000, 0x000000070ea00000| Untracked 
| 111|0x000000070ec00000, 0x000000070ec00000, 0x000000070ee00000|  0%| F|  |TAMS 0x000000070ec00000, 0x000000070ec00000| Untracked 
| 112|0x000000070ee00000, 0x000000070ee00000, 0x000000070f000000|  0%| F|  |TAMS 0x000000070ee00000, 0x000000070ee00000| Untracked 
| 113|0x000000070f000000, 0x000000070f000000, 0x000000070f200000|  0%| F|  |TAMS 0x000000070f000000, 0x000000070f000000| Untracked 
| 114|0x000000070f200000, 0x000000070f200000, 0x000000070f400000|  0%| F|  |TAMS 0x000000070f200000, 0x000000070f200000| Untracked 
| 115|0x000000070f400000, 0x000000070f400000, 0x000000070f600000|  0%| F|  |TAMS 0x000000070f400000, 0x000000070f400000| Untracked 
| 116|0x000000070f600000, 0x000000070f600000, 0x000000070f800000|  0%| F|  |TAMS 0x000000070f600000, 0x000000070f600000| Untracked 
| 117|0x000000070f800000, 0x000000070f800000, 0x000000070fa00000|  0%| F|  |TAMS 0x000000070f800000, 0x000000070f800000| Untracked 
| 118|0x000000070fa00000, 0x000000070fa00000, 0x000000070fc00000|  0%| F|  |TAMS 0x000000070fa00000, 0x000000070fa00000| Untracked 
| 119|0x000000070fc00000, 0x000000070fc00000, 0x000000070fe00000|  0%| F|  |TAMS 0x000000070fc00000, 0x000000070fc00000| Untracked 
| 120|0x000000070fe00000, 0x000000070fe00000, 0x0000000710000000|  0%| F|  |TAMS 0x000000070fe00000, 0x000000070fe00000| Untracked 
| 121|0x0000000710000000, 0x00000007101263b8, 0x0000000710200000| 57%| S|CS|TAMS 0x0000000710000000, 0x0000000710000000| Complete 
| 122|0x0000000710200000, 0x0000000710200000, 0x0000000710400000|  0%| F|  |TAMS 0x0000000710200000, 0x0000000710200000| Untracked 
| 123|0x0000000710400000, 0x0000000710400000, 0x0000000710600000|  0%| F|  |TAMS 0x0000000710400000, 0x0000000710400000| Untracked 
| 124|0x0000000710600000, 0x0000000710600000, 0x0000000710800000|  0%| F|  |TAMS 0x0000000710600000, 0x0000000710600000| Untracked 
| 125|0x0000000710800000, 0x00000007109da4e8, 0x0000000710a00000| 92%| E|  |TAMS 0x0000000710800000, 0x0000000710800000| Complete 
| 126|0x0000000710a00000, 0x0000000710c00000, 0x0000000710c00000|100%| E|CS|TAMS 0x0000000710a00000, 0x0000000710a00000| Complete 
| 127|0x0000000710c00000, 0x0000000710e00000, 0x0000000710e00000|100%| E|CS|TAMS 0x0000000710c00000, 0x0000000710c00000| Complete 

Card table byte_map: [0x000002083dc80000,0x000002083e480000] _byte_map_base: 0x000002083a479000

Marking Bits (Prev, Next): (CMBitMap*) 0x0000020828cc4710, (CMBitMap*) 0x0000020828cc4750
 Prev Bits: [0x000002083ec80000, 0x0000020842c48000)
 Next Bits: [0x0000020842c50000, 0x0000020846c18000)

Polling page: 0x0000020828b20000

Metaspace:

Usage:
  Non-class:      7.59 MB capacity,     7.52 MB (>99%) used,    61.04 KB ( <1%) free+waste,     7.81 KB ( <1%) overhead. 
      Class:    779.00 KB capacity,   703.52 KB ( 90%) used,    72.55 KB (  9%) free+waste,     2.94 KB ( <1%) overhead. 
       Both:      8.35 MB capacity,     8.21 MB ( 98%) used,   133.59 KB (  2%) free+waste,    10.75 KB ( <1%) overhead. 

Virtual space:
  Non-class space:        8.00 MB reserved,       7.75 MB ( 97%) committed 
      Class space:        1.00 GB reserved,     896.00 KB ( <1%) committed 
             Both:        1.01 GB reserved,       8.62 MB ( <1%) committed 

Chunk freelists:
   Non-Class:  36.00 KB
       Class:  21.00 KB
        Both:  57.00 KB

MaxMetaspaceSize: 17179869184.00 GB
CompressedClassSpaceSize: 1.00 GB

CodeHeap 'non-profiled nmethods': size=120000Kb used=249Kb max_used=249Kb free=119750Kb
 bounds [0x0000020835930000, 0x0000020835ba0000, 0x000002083ce60000]
CodeHeap 'profiled nmethods': size=120000Kb used=681Kb max_used=681Kb free=119318Kb
 bounds [0x000002082e400000, 0x000002082e670000, 0x0000020835930000]
CodeHeap 'non-nmethods': size=5760Kb used=1180Kb max_used=1206Kb free=4579Kb
 bounds [0x000002082de60000, 0x000002082e0d0000, 0x000002082e400000]
 total_blobs=955 nmethods=515 adapters=353
 compilation: enabled
              stopped_count=0, restarted_count=0
 full_count=0

Compilation events (20 events):
Event: 64.434 Thread 0x0000020849b74bb0  506       4       java.util.concurrent.locks.LockSupport::setCurrentBlocker (14 bytes)
Event: 64.435 Thread 0x0000020849b74bb0 nmethod 506 0x0000020835969690 code [0x0000020835969800, 0x0000020835969938]
Event: 64.448 Thread 0x0000020849b74bb0  507       4       java.util.concurrent.locks.AbstractQueuedSynchronizer$ConditionObject::signalAll (34 bytes)
Event: 64.454 Thread 0x0000020849b74bb0 nmethod 507 0x0000020835969990 code [0x0000020835969b20, 0x000002083596a278]
Event: 64.931 Thread 0x0000020849b74bb0  508   !   4       java.util.concurrent.locks.AbstractQueuedSynchronizer$ConditionObject::await (159 bytes)
Event: 64.944 Thread 0x0000020849b74bb0 nmethod 508 0x000002083596a510 code [0x000002083596a700, 0x000002083596b3a8]
Event: 65.027 Thread 0x0000020849b74bb0  509   !   4       java.util.concurrent.CyclicBarrier::dowait (251 bytes)
Event: 65.050 Thread 0x0000020849b74bb0 nmethod 509 0x000002083596bb90 code [0x000002083596bde0, 0x000002083596d3c0]
Event: 66.839 Thread 0x0000020849b7d760  510       3       java.lang.StringConcatHelper::newString (67 bytes)
Event: 66.840 Thread 0x0000020849b7d760 nmethod 510 0x000002082e4a4f10 code [0x000002082e4a5180, 0x000002082e4a5b88]
Event: 66.840 Thread 0x0000020849b7d760  512       3       java.util.ArrayList$Itr::hasNext (20 bytes)
Event: 66.840 Thread 0x0000020849b7d760 nmethod 512 0x000002082e4a5f10 code [0x000002082e4a60a0, 0x000002082e4a6218]
Event: 66.840 Thread 0x0000020849b7d760  511       1       java.util.Formatter$Flags::valueOf (5 bytes)
Event: 66.840 Thread 0x0000020849b7d760 nmethod 511 0x000002083596df90 code [0x000002083596e120, 0x000002083596e1d8]
Event: 68.368 Thread 0x0000020849b74bb0  513       4       java.util.concurrent.locks.AbstractQueuedSynchronizer::acquire (20 bytes)
Event: 68.369 Thread 0x0000020849b74bb0 nmethod 513 0x000002083596e290 code [0x000002083596e420, 0x000002083596e628]
Event: 75.675 Thread 0x0000020849b7d760  514 % !   3       simlejos.robotics.RegulatedMotor::waitUntilTargetReached @ 78 (107 bytes)
Event: 75.675 Thread 0x0000020849b7d760 nmethod 514% 0x000002082e4a6310 code [0x000002082e4a66a0, 0x000002082e4a7c88]
Event: 76.274 Thread 0x0000020849b7d760  515   !   3       simlejos.robotics.RegulatedMotor::waitUntilTargetReached (107 bytes)
Event: 76.275 Thread 0x0000020849b7d760 nmethod 515 0x000002082e4a8410 code [0x000002082e4a8780, 0x000002082e4a9ce8]

GC Heap History (2 events):
Event: 54.588 GC heap before
{Heap before GC invocations=0 (full 0):
 garbage-first heap   total 262144K, used 12288K [0x0000000700e00000, 0x0000000800000000)
  region size 2048K, 6 young (12288K), 0 survivors (0K)
 Metaspace       used 8399K, capacity 8551K, committed 8832K, reserved 1056768K
  class space    used 703K, capacity 779K, committed 896K, reserved 1048576K
}
Event: 54.591 GC heap after
{Heap after GC invocations=1 (full 0):
 garbage-first heap   total 262144K, used 1176K [0x0000000700e00000, 0x0000000800000000)
  region size 2048K, 1 young (2048K), 1 survivors (2048K)
 Metaspace       used 8399K, capacity 8551K, committed 8832K, reserved 1056768K
  class space    used 703K, capacity 779K, committed 896K, reserved 1048576K
}

Deoptimization events (20 events):
Event: 38.799 Thread 0x000002084a178350 DEOPT PACKING pc=0x0000020835952a54 sp=0x0000005d7eefecb0
Event: 38.800 Thread 0x000002084a178350 DEOPT UNPACKING pc=0x000002082deae42f sp=0x0000005d7eefec38 mode 2
Event: 38.818 Thread 0x0000020828c73da0 Uncommon trap: trap_request=0xffffff45 fr.pc=0x00000208359576e0 relative=0x0000000000000060
Event: 38.818 Thread 0x0000020828c73da0 Uncommon trap: reason=unstable_if action=reinterpret pc=0x00000208359576e0 method=java.util.concurrent.locks.AbstractQueuedSynchronizer.hasQueuedThreads()Z @ 12 c2
Event: 38.818 Thread 0x0000020828c73da0 DEOPT PACKING pc=0x00000208359576e0 sp=0x0000005d7dbff270
Event: 38.818 Thread 0x0000020828c73da0 DEOPT UNPACKING pc=0x000002082deae42f sp=0x0000005d7dbff1f0 mode 2
Event: 62.389 Thread 0x000002084a178350 DEOPT PACKING pc=0x000002082e4a0a98 sp=0x0000005d7eefeee0
Event: 62.389 Thread 0x000002084a178350 DEOPT UNPACKING pc=0x000002082deae23f sp=0x0000005d7eefe3d8 mode 0
Event: 64.390 Thread 0x0000020828c73da0 Uncommon trap: trap_request=0xffffff45 fr.pc=0x000002083594e8a0 relative=0x0000000000001f60
Event: 64.390 Thread 0x0000020828c73da0 Uncommon trap: reason=unstable_if action=reinterpret pc=0x000002083594e8a0 method=jdk.internal.misc.Unsafe.getAndBitwiseAndInt(Ljava/lang/Object;JI)I @ 21 c2
Event: 64.390 Thread 0x0000020828c73da0 DEOPT PACKING pc=0x000002083594e8a0 sp=0x0000005d7dbff1a0
Event: 64.390 Thread 0x0000020828c73da0 DEOPT UNPACKING pc=0x000002082deae42f sp=0x0000005d7dbfef40 mode 2
Event: 66.839 Thread 0x000002084a178350 Uncommon trap: trap_request=0xffffffde fr.pc=0x0000020835952a54 relative=0x0000000000000b94
Event: 66.839 Thread 0x000002084a178350 Uncommon trap: reason=class_check action=maybe_recompile pc=0x0000020835952a54 method=java.util.concurrent.locks.AbstractQueuedSynchronizer.acquire(Ljava/util/concurrent/locks/AbstractQueuedSynchronizer$Node;IZZZJ)I @ 126 c2
Event: 66.839 Thread 0x000002084a178350 DEOPT PACKING pc=0x0000020835952a54 sp=0x0000005d7eefedd0
Event: 66.839 Thread 0x000002084a178350 DEOPT UNPACKING pc=0x000002082deae42f sp=0x0000005d7eefed58 mode 2
Event: 67.689 Thread 0x000002084a178350 DEOPT PACKING pc=0x000002082e4a0a98 sp=0x0000005d7eefeee0
Event: 67.689 Thread 0x000002084a178350 DEOPT UNPACKING pc=0x000002082deae23f sp=0x0000005d7eefe3d8 mode 0
Event: 74.735 Thread 0x000002084a178350 DEOPT PACKING pc=0x000002082e4a0a98 sp=0x0000005d7eefeee0
Event: 74.735 Thread 0x000002084a178350 DEOPT UNPACKING pc=0x000002082deae23f sp=0x0000005d7eefe3d8 mode 0

Classes unloaded (0 events):
No events

Classes redefined (0 events):
No events

Internal exceptions (5 events):
Event: 1.224 Thread 0x0000020828c73da0 Exception <a 'java/lang/NoSuchMethodError'{0x0000000710dec3f0}: 'java.lang.Object java.lang.invoke.DirectMethodHandle$Holder.invokeStatic(java.lang.Object)'> (0x0000000710dec3f0) 
thrown [./open/src/hotspot/share/interpreter/linkResolver.cpp, line 782]
Event: 1.224 Thread 0x0000020828c73da0 Exception <a 'java/lang/NoSuchMethodError'{0x0000000710defd00}: 'java.lang.Object java.lang.invoke.DirectMethodHandle$Holder.invokeStaticInit(java.lang.Object)'> (0x0000000710defd00) 
thrown [./open/src/hotspot/share/interpreter/linkResolver.cpp, line 782]
Event: 1.230 Thread 0x0000020828c73da0 Exception <a 'java/lang/NoSuchMethodError'{0x0000000710dfd6b8}: 'void java.lang.invoke.DirectMethodHandle$Holder.invokeStatic(java.lang.Object, java.lang.Object)'> (0x0000000710dfd6b8) 
thrown [./open/src/hotspot/share/interpreter/linkResolver.cpp, line 782]
Event: 9.211 Thread 0x0000020828c73da0 Exception <a 'java/lang/NoSuchMethodError'{0x0000000710a9f1d0}: 'int java.lang.invoke.DirectMethodHandle$Holder.invokeStaticInit(java.lang.Object, java.lang.Object)'> (0x0000000710a9f1d0) 
thrown [./open/src/hotspot/share/interpreter/linkResolver.cpp, line 782]
Event: 9.218 Thread 0x0000020828c73da0 Exception <a 'java/lang/NoSuchMethodError'{0x0000000710ac1fe0}: 'java.lang.Object java.lang.invoke.DirectMethodHandle$Holder.invokeStaticInit(java.lang.Object, long)'> (0x0000000710ac1fe0) 
thrown [./open/src/hotspot/share/interpreter/linkResolver.cpp, line 782]

Events (20 events):
Event: 38.814 loading class java/lang/invoke/BoundMethodHandle$Species_LLLLLLLLLL
Event: 38.814 loading class java/lang/invoke/BoundMethodHandle$Species_LLLLLLLLLL done
Event: 38.815 loading class java/lang/invoke/BoundMethodHandle$Species_LLLLLLLLLLL
Event: 38.815 loading class java/lang/invoke/BoundMethodHandle$Species_LLLLLLLLLLL done
Event: 38.816 loading class java/util/TreeMap
Event: 38.816 loading class java/util/TreeMap done
Event: 38.816 loading class java/lang/invoke/LambdaFormEditor$1
Event: 38.816 loading class java/lang/invoke/LambdaFormEditor$1 done
Event: 38.816 loading class java/util/TreeMap$Entry
Event: 38.817 loading class java/util/TreeMap$Entry done
Event: 38.817 loading class java/util/TreeMap$EntrySet
Event: 38.817 loading class java/util/TreeMap$EntrySet done
Event: 38.817 loading class java/util/TreeMap$EntryIterator
Event: 38.817 loading class java/util/TreeMap$PrivateEntryIterator
Event: 38.817 loading class java/util/TreeMap$PrivateEntryIterator done
Event: 38.817 loading class java/util/TreeMap$EntryIterator done
Event: 38.818 loading class java/lang/StrictMath
Event: 38.818 loading class java/lang/StrictMath done
Event: 54.588 Executing VM operation: G1CollectForAllocation
Event: 54.591 Executing VM operation: G1CollectForAllocation done


Dynamic libraries:
0x00007ff7c6f10000 - 0x00007ff7c6f1d000 	C:\Users\Sean Smith\.p2\pool\plugins\org.eclipse.justj.openjdk.hotspot.jre.full.win32.x86_64_15.0.1.v20201027-0507\jre\bin\javaw.exe
0x00007ffca4870000 - 0x00007ffca4a65000 	C:\WINDOWS\SYSTEM32\ntdll.dll
0x00007ffca2b50000 - 0x00007ffca2c0d000 	C:\WINDOWS\System32\KERNEL32.DLL
0x00007ffca24f0000 - 0x00007ffca27b9000 	C:\WINDOWS\System32\KERNELBASE.dll
0x00007ffca1fb0000 - 0x00007ffca20b0000 	C:\WINDOWS\System32\ucrtbase.dll
0x00007ffc99c80000 - 0x00007ffc99c98000 	C:\Users\Sean Smith\.p2\pool\plugins\org.eclipse.justj.openjdk.hotspot.jre.full.win32.x86_64_15.0.1.v20201027-0507\jre\bin\jli.dll
0x00007ffc8e540000 - 0x00007ffc8e559000 	C:\Users\Sean Smith\.p2\pool\plugins\org.eclipse.justj.openjdk.hotspot.jre.full.win32.x86_64_15.0.1.v20201027-0507\jre\bin\VCRUNTIME140.dll
0x00007ffca29b0000 - 0x00007ffca2b50000 	C:\WINDOWS\System32\USER32.dll
0x00007ffca2260000 - 0x00007ffca2282000 	C:\WINDOWS\System32\win32u.dll
0x00007ffc8dc50000 - 0x00007ffc8deea000 	C:\WINDOWS\WinSxS\amd64_microsoft.windows.common-controls_6595b64144ccf1df_6.0.19041.844_none_ca00b6081b84eb1d\COMCTL32.dll
0x00007ffca4800000 - 0x00007ffca482a000 	C:\WINDOWS\System32\GDI32.dll
0x00007ffca3890000 - 0x00007ffca392e000 	C:\WINDOWS\System32\msvcrt.dll
0x00007ffca2290000 - 0x00007ffca239b000 	C:\WINDOWS\System32\gdi32full.dll
0x00007ffca23a0000 - 0x00007ffca243d000 	C:\WINDOWS\System32\msvcp_win.dll
0x00007ffca37a0000 - 0x00007ffca37d0000 	C:\WINDOWS\System32\IMM32.DLL
0x00007ffc9db30000 - 0x00007ffc9db3c000 	C:\Users\Sean Smith\.p2\pool\plugins\org.eclipse.justj.openjdk.hotspot.jre.full.win32.x86_64_15.0.1.v20201027-0507\jre\bin\vcruntime140_1.dll
0x00007ffc75ee0000 - 0x00007ffc75f71000 	C:\Users\Sean Smith\.p2\pool\plugins\org.eclipse.justj.openjdk.hotspot.jre.full.win32.x86_64_15.0.1.v20201027-0507\jre\bin\msvcp140.dll
0x00007ffc38a90000 - 0x00007ffc395ee000 	C:\Users\Sean Smith\.p2\pool\plugins\org.eclipse.justj.openjdk.hotspot.jre.full.win32.x86_64_15.0.1.v20201027-0507\jre\bin\server\jvm.dll
0x00007ffca37e0000 - 0x00007ffca388c000 	C:\WINDOWS\System32\ADVAPI32.dll
0x00007ffca3700000 - 0x00007ffca379c000 	C:\WINDOWS\System32\sechost.dll
0x00007ffca4580000 - 0x00007ffca46ab000 	C:\WINDOWS\System32\RPCRT4.dll
0x00007ffca4100000 - 0x00007ffca4108000 	C:\WINDOWS\System32\PSAPI.DLL
0x00007ffc93550000 - 0x00007ffc93577000 	C:\WINDOWS\SYSTEM32\WINMM.dll
0x00007ffc9c680000 - 0x00007ffc9c68a000 	C:\WINDOWS\SYSTEM32\VERSION.dll
0x00007ffc99c60000 - 0x00007ffc99c69000 	C:\WINDOWS\SYSTEM32\WSOCK32.dll
0x00007ffca3350000 - 0x00007ffca33bb000 	C:\WINDOWS\System32\WS2_32.dll
0x00007ffc9fef0000 - 0x00007ffc9ff02000 	C:\WINDOWS\SYSTEM32\kernel.appcore.dll
0x00007ffc9dd20000 - 0x00007ffc9dd2a000 	C:\Users\Sean Smith\.p2\pool\plugins\org.eclipse.justj.openjdk.hotspot.jre.full.win32.x86_64_15.0.1.v20201027-0507\jre\bin\jimage.dll
0x00007ffc89ee0000 - 0x00007ffc8a0c4000 	C:\WINDOWS\SYSTEM32\DBGHELP.DLL
0x00007ffc89eb0000 - 0x00007ffc89edc000 	C:\WINDOWS\SYSTEM32\dbgcore.DLL
0x00007ffca2850000 - 0x00007ffca28d0000 	C:\WINDOWS\System32\bcryptPrimitives.dll
0x00007ffc99b50000 - 0x00007ffc99b75000 	C:\Users\Sean Smith\.p2\pool\plugins\org.eclipse.justj.openjdk.hotspot.jre.full.win32.x86_64_15.0.1.v20201027-0507\jre\bin\java.dll
0x00007ffc8e560000 - 0x00007ffc8e578000 	C:\Users\Sean Smith\.p2\pool\plugins\org.eclipse.justj.openjdk.hotspot.jre.full.win32.x86_64_15.0.1.v20201027-0507\jre\bin\zip.dll
0x00007ffca3930000 - 0x00007ffca4072000 	C:\WINDOWS\System32\SHELL32.dll
0x00007ffca00f0000 - 0x00007ffca0880000 	C:\WINDOWS\SYSTEM32\windows.storage.dll
0x00007ffca2c10000 - 0x00007ffca2f65000 	C:\WINDOWS\System32\combase.dll
0x00007ffca1950000 - 0x00007ffca197c000 	C:\WINDOWS\SYSTEM32\Wldp.dll
0x00007ffca31d0000 - 0x00007ffca327e000 	C:\WINDOWS\System32\SHCORE.dll
0x00007ffca47a0000 - 0x00007ffca47f5000 	C:\WINDOWS\System32\shlwapi.dll
0x00007ffca1ef0000 - 0x00007ffca1f0f000 	C:\WINDOWS\SYSTEM32\profapi.dll
0x00007ffc8e3a0000 - 0x00007ffc8e3b9000 	C:\Users\Sean Smith\.p2\pool\plugins\org.eclipse.justj.openjdk.hotspot.jre.full.win32.x86_64_15.0.1.v20201027-0507\jre\bin\net.dll
0x00007ffc920e0000 - 0x00007ffc921ec000 	C:\WINDOWS\SYSTEM32\WINHTTP.dll
0x00007ffca16d0000 - 0x00007ffca173a000 	C:\WINDOWS\system32\mswsock.dll
0x00007ffc8e380000 - 0x00007ffc8e392000 	C:\Users\Sean Smith\.p2\pool\plugins\org.eclipse.justj.openjdk.hotspot.jre.full.win32.x86_64_15.0.1.v20201027-0507\jre\bin\nio.dll
0x0000000064980000 - 0x00000000649c2000 	D:\SoftwarePackages\Webots\lib\controller\java\JavaController.dll
0x00007ffc5c700000 - 0x00007ffc5c8b1000 	D:\SoftwarePackages\Webots\msys64\mingw64\bin\cpp\libstdc++-6.dll
0x00007ffc7a5d0000 - 0x00007ffc7a5ec000 	D:\SoftwarePackages\Webots\msys64\mingw64\bin\cpp\libgcc_s_seh-1.dll
0x00007ffc7a1e0000 - 0x00007ffc7a1f6000 	D:\SoftwarePackages\Webots\msys64\mingw64\bin\cpp\libwinpthread-1.dll
0x00000000704c0000 - 0x000000007052d000 	D:\SoftwarePackages\Webots\lib\controller\CppController.dll
0x0000000063080000 - 0x000000006310a000 	D:\SoftwarePackages\Webots\lib\controller\Controller.dll
0x0000000063e00000 - 0x0000000063e1b000 	D:\SoftwarePackages\Webots\resources\projects\plugins\robot_windows\generic\generic.dll

dbghelp: loaded successfully - version: 4.0.5 - missing functions: none
symbol engine: initialized successfully - sym options: 0x614 - pdb path: .;C:\Users\Sean Smith\.p2\pool\plugins\org.eclipse.justj.openjdk.hotspot.jre.full.win32.x86_64_15.0.1.v20201027-0507\jre\bin;C:\WINDOWS\SYSTEM32;C:\WINDOWS\WinSxS\amd64_microsoft.windows.common-controls_6595b64144ccf1df_6.0.19041.844_none_ca00b6081b84eb1d;C:\Users\Sean Smith\.p2\pool\plugins\org.eclipse.justj.openjdk.hotspot.jre.full.win32.x86_64_15.0.1.v20201027-0507\jre\bin\server;D:\SoftwarePackages\Webots\lib\controller\java;D:\SoftwarePackages\Webots\msys64\mingw64\bin\cpp;D:\SoftwarePackages\Webots\lib\controller;D:\SoftwarePackages\Webots\resources\projects\plugins\robot_windows\generic

VM Arguments:
jvm_args: -Djava.library.path=D:/SoftwarePackages/Webots/lib/controller/java 
java_command: T03Controller
java_class_path (initial): D:/SoftwarePackages/Webots/lib/controller/java/Controller.jar;C:/Users/SEANSM~1/git/PROJEC~1/CONTRO~1/T03CON~1/;..\lib\simlejos.jar;..\lib\EV3WiFiClient.jar
Launcher Type: SUN_STANDARD

[Global flags]
     intx CICompilerCount                          = 3                                         {product} {ergonomic}
     uint ConcGCThreads                            = 1                                         {product} {ergonomic}
     uint G1ConcRefinementThreads                  = 4                                         {product} {ergonomic}
   size_t G1HeapRegionSize                         = 2097152                                   {product} {ergonomic}
    uintx GCDrainStackTargetSize                   = 64                                        {product} {ergonomic}
   size_t InitialHeapSize                          = 268435456                                 {product} {ergonomic}
   size_t MarkStackSize                            = 4194304                                   {product} {ergonomic}
   size_t MaxHeapSize                              = 4280287232                                {product} {ergonomic}
   size_t MaxNewSize                               = 2566914048                                {product} {ergonomic}
   size_t MinHeapDeltaBytes                        = 2097152                                   {product} {ergonomic}
   size_t MinHeapSize                              = 8388608                                   {product} {ergonomic}
    uintx NonNMethodCodeHeapSize                   = 5832780                                {pd product} {ergonomic}
    uintx NonProfiledCodeHeapSize                  = 122912730                              {pd product} {ergonomic}
    uintx ProfiledCodeHeapSize                     = 122912730                              {pd product} {ergonomic}
    uintx ReservedCodeCacheSize                    = 251658240                              {pd product} {ergonomic}
     bool SegmentedCodeCache                       = true                                      {product} {ergonomic}
   size_t SoftMaxHeapSize                          = 4280287232                             {manageable} {ergonomic}
     bool UseCompressedClassPointers               = true                                 {lp64_product} {ergonomic}
     bool UseCompressedOops                        = true                                 {lp64_product} {ergonomic}
     bool UseG1GC                                  = true                                      {product} {ergonomic}
     bool UseLargePagesIndividualAllocation        = false                                  {pd product} {ergonomic}

Logging:
Log output configuration:
 #0: stdout all=warning uptime,level,tags
 #1: stderr all=off uptime,level,tags

Environment Variables:
CLASSPATH=..\lib\simlejos.jar;..\lib\EV3WiFiClient.jar
PATH=D:\SoftwarePackages\Webots\msys64\mingw64\bin\cpp;C:/Users/Sean Smith/.p2/pool/plugins/org.eclipse.justj.openjdk.hotspot.jre.full.win32.x86_64_15.0.1.v20201027-0507/jre/bin/server;C:/Users/Sean Smith/.p2/pool/plugins/org.eclipse.justj.openjdk.hotspot.jre.full.win32.x86_64_15.0.1.v20201027-0507/jre/bin;C:\Program Files\Common Files\Oracle\Java\javapath;C:\Program Files\NVIDIA GPU Computing Toolkit\CUDA\v10.1\bin;C:\Program Files\NVIDIA GPU Computing Toolkit\CUDA\v10.1\libnvvp;C:\Program Files\NVIDIA GPU Computing Toolkit\CUDA\v11.1\bin;C:\Program Files\NVIDIA GPU Computing Toolkit\CUDA\v11.1\libnvvp;C:\Python38\Scripts\;C:\Python38\;C:\Program Files (x86)\Common Files\Oracle\Java\javapath;C:\ProgramData\Oracle\Java\javapath;C:\Windows\system32;C:\Windows;C:\Windows\System32\Wbem;C:\Windows\System32\WindowsPowerShell\v1.0\;C:\Program Files (x86)\NVIDIA Corporation\PhysX\Common;C:\WINDOWS\system32;C:\WINDOWS;C:\WINDOWS\System32\Wbem;C:\WINDOWS\System32\WindowsPowerShell\v1.0\;C:\Users\Sean Smith\eclipse\cpp-oxygen\eclipse\bin;C:\WINDOWS\System32\OpenSSH\;C:\Program Files\SourceGear\Common\DiffMerge\;C:\Program Files\NVIDIA Corporation\NVIDIA NvDLISR;C:\Program Files\nodejs\;C:\ProgramData\chocolatey\bin;C:\Program Files\Git\cmd;C:\Program Files\NVIDIA Corporation\Nsight Compute 2019.4.0\;C:\Program Files\Docker\Docker\resources\bin;C:\ProgramData\DockerDesktop\version-bin;D:\SoftwarePackages\Anaconda;D:\SoftwarePackages\Anaconda\Library\mingw-w64\bin;D:\SoftwarePackages\Anaconda\Library\usr\bin;D:\SoftwarePackages\Anaconda\Library\bin;D:\SoftwarePackages\Anaconda\Scripts;C:\Users\Sean Smith\AppData\Local\Microsoft\WindowsApps;D:\Microsoft VS Code\bin;C:\Users\Sean Smith\AppData\Roaming\npm;D:\Anaconda\Library;C:\Program Files\Java\jdk-10.0.1\bin;C:\Program Files\Java\jre-10.0.1\bin;D:\SoftwarePackages\Anaconda\Lib\site-packages;C:\Users\Sean Smith\AppData\Local\GitHubDesktop\bin;D:\SoftwarePackages\Heroku\bin;C:\WINDOWS\System32;D:\SoftwarePackages\Webots\lib\control
USERNAME=Sean Smith
OS=Windows_NT
PROCESSOR_IDENTIFIER=Intel64 Family 6 Model 94 Stepping 3, GenuineIntel



---------------  S Y S T E M  ---------------

OS:
 Windows 10 , 64 bit Build 19041 (10.0.19041.804)
OS uptime: 26 days 4:59 hours
HyperV virtualization detected

CPU: total 4 (initial active 4) (4 cores per cpu, 1 threads per core) family 6 model 94 stepping 3 microcode 0xcc, cmov, cx8, fxsr, mmx, sse, sse2, sse3, ssse3, sse4.1, sse4.2, popcnt, vzeroupper, avx, avx2, aes, clmul, erms, rtm, 3dnowpref, lzcnt, tsc, tscinvbit, bmi1, bmi2, adx, fma, clflush, clflushopt

Memory: 4k page, system-wide physical 16325M (8670M free)
TotalPageFile size 21957M (AvailPageFile size 8320M)
current process WorkingSet (physical memory assigned to process): 52M, peak: 56M
current process commit charge ("private bytes"): 337M, peak: 339M

vm_info: OpenJDK 64-Bit Server VM (15.0.1+9-18) for windows-amd64 JRE (15.0.1+9-18), built on Sep 15 2020 14:39:31 by "mach5one" with unknown MS VC++:1925

END.
